<?xml version="1.0" encoding="UTF-8"?>
<!-- Generated by org.testng.reporters.JUnitReportReporter -->
<testsuite skipped="0" hostname="DESKTOP-HR5TD9H" name="co.testNG.basics.InvocationCount" tests="10" failures="0" timestamp="2020-08-16T16:46:43 IST" time="0.034" errors="0">
  <testcase name="sum" time="0.002" classname="co.testNG.basics.InvocationCount"/>
  <system-out/>
  <testcase name="sum" time="0.007" classname="co.testNG.basics.InvocationCount"/>
  <system-out/>
  <testcase name="sum" time="0.001" classname="co.testNG.basics.InvocationCount"/>
  <system-out/>
  <testcase name="sum" time="0.004" classname="co.testNG.basics.InvocationCount"/>
  <system-out/>
  <testcase name="sum" time="0.002" classname="co.testNG.basics.InvocationCount"/>
  <system-out/>
  <testcase name="sum" time="0.006" classname="co.testNG.basics.InvocationCount"/>
  <system-out/>
  <testcase name="sum" time="0.003" classname="co.testNG.basics.InvocationCount"/>
  <system-out/>
  <testcase name="sum" time="0.004" classname="co.testNG.basics.InvocationCount"/>
  <system-out/>
  <testcase name="sum" time="0.002" classname="co.testNG.basics.InvocationCount"/>
  <system-out/>
  <testcase name="sum" time="0.003" classname="co.testNG.basics.InvocationCount"/>
  <system-out/>
</testsuite> <!-- co.testNG.basics.InvocationCount -->
