<?xml version="1.0" encoding="UTF-8"?>
<!-- Generated by org.testng.reporters.JUnitReportReporter -->
<testsuite skipped="0" hostname="DESKTOP-HR5TD9H" name="co.testNG.parameters.ParameterTset" tests="1" failures="0" timestamp="2020-08-31T07:22:25 IST" time="7.706" errors="0">
  <testcase name="logintest" time="7.706" classname="co.testNG.parameters.ParameterTset"/>
  <system-out/>
</testsuite> <!-- co.testNG.parameters.ParameterTset -->
