<?xml version="1.0" encoding="UTF-8"?>
<!-- Generated by org.testng.reporters.JUnitReportReporter -->
<testsuite skipped="0" hostname="DESKTOP-HR5TD9H" name="co.testNG.basics.GoogleTest" tests="6" failures="0" timestamp="2020-08-16T16:46:43 IST" time="67.611" errors="0">
  <testcase name="test1" time="10.477" classname="co.testNG.basics.GoogleTest"/>
  <system-out/>
  <testcase name="test2" time="11.373" classname="co.testNG.basics.GoogleTest"/>
  <system-out/>
  <testcase name="test3" time="11.019" classname="co.testNG.basics.GoogleTest"/>
  <system-out/>
  <testcase name="googleTitleTest" time="10.135" classname="co.testNG.basics.GoogleTest"/>
  <system-out/>
  <testcase name="googleLogoTest" time="14.067" classname="co.testNG.basics.GoogleTest"/>
  <system-out/>
  <testcase name="mailLinkTest" time="10.540" classname="co.testNG.basics.GoogleTest"/>
  <system-out/>
</testsuite> <!-- co.testNG.basics.GoogleTest -->
