<?xml version="1.0" encoding="UTF-8"?>
<!-- Generated by org.testng.reporters.JUnitReportReporter -->
<testsuite skipped="0" hostname="DESKTOP-HR5TD9H" name="co.testNG.basics.TestNGBasic" tests="3" failures="0" timestamp="2020-08-16T16:46:43 IST" time="0.014" errors="0">
  <testcase name="googleTitle" time="0.003" classname="co.testNG.basics.TestNGBasic"/>
  <system-out/>
  <testcase name="search" time="0.006" classname="co.testNG.basics.TestNGBasic"/>
  <system-out/>
  <testcase name="googleLogo" time="0.005" classname="co.testNG.basics.TestNGBasic"/>
  <system-out/>
</testsuite> <!-- co.testNG.basics.TestNGBasic -->
