<?xml version="1.0" encoding="UTF-8"?>
<!-- Generated by org.testng.reporters.JUnitReportReporter -->
<testsuite skipped="0" hostname="DESKTOP-HR5TD9H" name="co.testNG.basics.ExceptionTimeout" tests="1" failures="0" timestamp="2020-08-16T16:46:43 IST" time="0.089" errors="0">
  <testcase name="test" time="0.089" classname="co.testNG.basics.ExceptionTimeout"/>
  <system-out/>
</testsuite> <!-- co.testNG.basics.ExceptionTimeout -->
