<?xml version="1.0" encoding="UTF-8"?>
<!-- Generated by org.testng.reporters.JUnitReportReporter -->
<testsuite skipped="0" hostname="DESKTOP-HR5TD9H" name="co.testNG.parameters.ParameterTest" tests="1" failures="0" timestamp="2020-09-05T10:19:45 IST" time="17.137" errors="0">
  <testcase name="logintest" time="17.137" classname="co.testNG.parameters.ParameterTest"/>
  <system-out/>
</testsuite> <!-- co.testNG.parameters.ParameterTest -->
